#-----------------------------------------------------------
# Vivado v2019.2 (64-bit)
# SW Build 2708876 on Wed Nov  6 21:40:23 MST 2019
# IP Build 2700528 on Thu Nov  7 00:09:20 MST 2019
# Start of session at: Sat Jun 13 17:35:44 2020
# Process ID: 15608
# Current directory: C:/Users/12565/Desktop/2019-2020-spring/computer architecture laborotary/lab_2
# Command line: vivado.exe -gui_launcher_event rodinguilauncherevent14396 C:\Users\12565\Desktop\2019-2020-spring\computer architecture laborotary\lab_2\lab_2.xpr
# Log file: C:/Users/12565/Desktop/2019-2020-spring/computer architecture laborotary/lab_2/vivado.log
# Journal file: C:/Users/12565/Desktop/2019-2020-spring/computer architecture laborotary/lab_2\vivado.jou
#-----------------------------------------------------------
start_gui
open_project {C:/Users/12565/Desktop/2019-2020-spring/computer architecture laborotary/lab_2/lab_2.xpr}
Scanning sources...
Finished scanning sources
INFO: [IP_Flow 19-234] Refreshing IP repositories
INFO: [IP_Flow 19-1704] No user IP repositories specified
INFO: [IP_Flow 19-2313] Loaded Vivado IP repository 'C:/Xilinx/Vivado/2019.2/data/ip'.
open_project: Time (s): cpu = 00:00:23 ; elapsed = 00:00:18 . Memory (MB): peak = 911.730 ; gain = 301.086
update_compile_order -fileset sources_1
exit
INFO: [Common 17-206] Exiting Vivado at Sat Jun 13 18:07:59 2020...
